2026-03-12T19:32:51.451938Z | monitor_started | Engine monitor initialized
2026-03-12T19:32:51.682411Z | healthy | btc (tft-trading-engine-engine-btc-1) healthy in last 30m
2026-03-12T19:32:51.946849Z | healthy | eth (tft-trading-engine-engine-eth-1) healthy in last 30m
2026-03-12T19:32:52.163804Z | healthy | xrp (tft-trading-engine-engine-xrp-1) healthy in last 30m
2026-03-12T19:32:52.330525Z | healthy | doge (tft-trading-engine-engine-doge-1) healthy in last 30m
2026-03-12T20:02:51.605290Z | healthy | btc (tft-trading-engine-engine-btc-1) healthy in last 30m
2026-03-12T20:02:51.732868Z | healthy | eth (tft-trading-engine-engine-eth-1) healthy in last 30m
2026-03-12T20:02:51.904229Z | healthy | xrp (tft-trading-engine-engine-xrp-1) healthy in last 30m
2026-03-12T20:02:52.010836Z | healthy | doge (tft-trading-engine-engine-doge-1) healthy in last 30m
2026-03-12T20:32:51.615506Z | healthy | btc (tft-trading-engine-engine-btc-1) healthy in last 30m
2026-03-12T20:32:51.764476Z | healthy | eth (tft-trading-engine-engine-eth-1) healthy in last 30m
2026-03-12T20:32:51.895889Z | healthy | xrp (tft-trading-engine-engine-xrp-1) healthy in last 30m
2026-03-12T20:32:52.092184Z | healthy | doge (tft-trading-engine-engine-doge-1) healthy in last 30m
2026-03-12T21:02:51.613858Z | healthy | btc (tft-trading-engine-engine-btc-1) healthy in last 30m
2026-03-12T21:02:52.206079Z | healthy | eth (tft-trading-engine-engine-eth-1) healthy in last 30m
2026-03-12T21:02:52.918523Z | healthy | xrp (tft-trading-engine-engine-xrp-1) healthy in last 30m
2026-03-12T21:02:53.194004Z | healthy | doge (tft-trading-engine-engine-doge-1) healthy in last 30m
2026-03-12T21:32:51.681183Z | healthy | btc (tft-trading-engine-engine-btc-1) healthy in last 30m
2026-03-12T21:32:51.892970Z | healthy | eth (tft-trading-engine-engine-eth-1) healthy in last 30m
2026-03-12T21:32:52.168770Z | healthy | xrp (tft-trading-engine-engine-xrp-1) healthy in last 30m
2026-03-12T21:32:52.451819Z | healthy | doge (tft-trading-engine-engine-doge-1) healthy in last 30m
2026-03-12T22:02:51.686661Z | healthy | btc (tft-trading-engine-engine-btc-1) healthy in last 30m
2026-03-12T22:02:51.914893Z | healthy | eth (tft-trading-engine-engine-eth-1) healthy in last 30m
2026-03-12T22:02:52.264671Z | healthy | xrp (tft-trading-engine-engine-xrp-1) healthy in last 30m
2026-03-12T22:02:53.062854Z | healthy | doge (tft-trading-engine-engine-doge-1) healthy in last 30m
2026-03-12T22:32:51.765868Z | healthy | btc (tft-trading-engine-engine-btc-1) healthy in last 30m
2026-03-12T22:32:52.023134Z | healthy | eth (tft-trading-engine-engine-eth-1) healthy in last 30m
2026-03-12T22:32:52.259737Z | healthy | xrp (tft-trading-engine-engine-xrp-1) healthy in last 30m
2026-03-12T22:32:52.486291Z | healthy | doge (tft-trading-engine-engine-doge-1) healthy in last 30m
2026-03-12T23:02:52.239452Z | healthy | btc (tft-trading-engine-engine-btc-1) healthy in last 30m
2026-03-12T23:02:52.477619Z | healthy | eth (tft-trading-engine-engine-eth-1) healthy in last 30m
2026-03-12T23:02:52.702908Z | healthy | xrp (tft-trading-engine-engine-xrp-1) healthy in last 30m
2026-03-12T23:02:52.911173Z | healthy | doge (tft-trading-engine-engine-doge-1) healthy in last 30m
2026-03-12T23:32:51.640718Z | healthy | btc (tft-trading-engine-engine-btc-1) healthy in last 30m
2026-03-12T23:32:51.786892Z | healthy | eth (tft-trading-engine-engine-eth-1) healthy in last 30m
2026-03-12T23:32:51.978269Z | healthy | xrp (tft-trading-engine-engine-xrp-1) healthy in last 30m
2026-03-12T23:32:52.224323Z | healthy | doge (tft-trading-engine-engine-doge-1) healthy in last 30m
2026-03-13T00:02:51.779165Z | healthy | btc (tft-trading-engine-engine-btc-1) healthy in last 30m
2026-03-13T00:02:52.088745Z | healthy | eth (tft-trading-engine-engine-eth-1) healthy in last 30m
2026-03-13T00:02:52.313907Z | healthy | xrp (tft-trading-engine-engine-xrp-1) healthy in last 30m
2026-03-13T00:02:52.561419Z | healthy | doge (tft-trading-engine-engine-doge-1) healthy in last 30m
2026-03-13T00:32:52.721122Z | healthy | btc (tft-trading-engine-engine-btc-1) healthy in last 30m
2026-03-13T00:32:53.374166Z | healthy | eth (tft-trading-engine-engine-eth-1) healthy in last 30m
2026-03-13T00:32:53.625055Z | healthy | xrp (tft-trading-engine-engine-xrp-1) healthy in last 30m
2026-03-13T00:32:53.858554Z | healthy | doge (tft-trading-engine-engine-doge-1) healthy in last 30m
2026-03-13T01:02:51.877692Z | healthy | btc (tft-trading-engine-engine-btc-1) healthy in last 30m
2026-03-13T01:02:52.197784Z | healthy | eth (tft-trading-engine-engine-eth-1) healthy in last 30m
2026-03-13T01:02:52.476700Z | healthy | xrp (tft-trading-engine-engine-xrp-1) healthy in last 30m
2026-03-13T01:02:52.758169Z | healthy | doge (tft-trading-engine-engine-doge-1) healthy in last 30m
2026-03-13T01:32:51.693214Z | healthy | btc (tft-trading-engine-engine-btc-1) healthy in last 30m
2026-03-13T01:32:51.882412Z | healthy | eth (tft-trading-engine-engine-eth-1) healthy in last 30m
2026-03-13T01:32:52.078994Z | healthy | xrp (tft-trading-engine-engine-xrp-1) healthy in last 30m
2026-03-13T01:32:52.275591Z | healthy | doge (tft-trading-engine-engine-doge-1) healthy in last 30m
2026-03-13T02:02:51.996831Z | healthy | btc (tft-trading-engine-engine-btc-1) healthy in last 30m
2026-03-13T02:02:52.354034Z | healthy | eth (tft-trading-engine-engine-eth-1) healthy in last 30m
2026-03-13T02:02:52.711487Z | healthy | xrp (tft-trading-engine-engine-xrp-1) healthy in last 30m
2026-03-13T02:02:53.260514Z | healthy | doge (tft-trading-engine-engine-doge-1) healthy in last 30m
2026-03-13T02:32:52.754733Z | healthy | btc (tft-trading-engine-engine-btc-1) healthy in last 30m
2026-03-13T02:32:53.601327Z | healthy | eth (tft-trading-engine-engine-eth-1) healthy in last 30m
2026-03-13T02:32:55.999483Z | healthy | xrp (tft-trading-engine-engine-xrp-1) healthy in last 30m
2026-03-13T02:32:57.399485Z | healthy | doge (tft-trading-engine-engine-doge-1) healthy in last 30m
2026-03-13T03:03:07.463975Z | healthy | btc (tft-trading-engine-engine-btc-1) healthy in last 30m
2026-03-13T03:03:17.044527Z | healthy | eth (tft-trading-engine-engine-eth-1) healthy in last 30m
2026-03-13T03:03:22.879730Z | healthy | xrp (tft-trading-engine-engine-xrp-1) healthy in last 30m
2026-03-13T03:03:29.684135Z | healthy | doge (tft-trading-engine-engine-doge-1) healthy in last 30m
2026-03-13T03:32:58.732196Z | healthy | btc (tft-trading-engine-engine-btc-1) healthy in last 30m
2026-03-13T03:33:04.491992Z | healthy | eth (tft-trading-engine-engine-eth-1) healthy in last 30m
2026-03-13T03:33:13.397315Z | healthy | xrp (tft-trading-engine-engine-xrp-1) healthy in last 30m
2026-03-13T03:33:18.528228Z | healthy | doge (tft-trading-engine-engine-doge-1) healthy in last 30m
2026-03-13T04:02:54.214916Z | healthy | btc (tft-trading-engine-engine-btc-1) healthy in last 30m
2026-03-13T04:02:56.590816Z | healthy | eth (tft-trading-engine-engine-eth-1) healthy in last 30m
2026-03-13T04:02:58.320592Z | healthy | xrp (tft-trading-engine-engine-xrp-1) healthy in last 30m
2026-03-13T04:03:02.620266Z | healthy | doge (tft-trading-engine-engine-doge-1) healthy in last 30m
2026-03-13T04:32:52.707674Z | healthy | btc (tft-trading-engine-engine-btc-1) healthy in last 30m
2026-03-13T04:32:55.659492Z | healthy | eth (tft-trading-engine-engine-eth-1) healthy in last 30m
2026-03-13T04:32:57.236401Z | healthy | xrp (tft-trading-engine-engine-xrp-1) healthy in last 30m
2026-03-13T04:32:58.749635Z | healthy | doge (tft-trading-engine-engine-doge-1) healthy in last 30m
2026-03-13T05:02:52.453239Z | healthy | btc (tft-trading-engine-engine-btc-1) healthy in last 30m
2026-03-13T05:02:55.336964Z | healthy | eth (tft-trading-engine-engine-eth-1) healthy in last 30m
2026-03-13T05:02:58.797645Z | healthy | xrp (tft-trading-engine-engine-xrp-1) healthy in last 30m
2026-03-13T05:03:08.649760Z | healthy | doge (tft-trading-engine-engine-doge-1) healthy in last 30m
2026-03-13T05:32:53.412372Z | healthy | btc (tft-trading-engine-engine-btc-1) healthy in last 30m
2026-03-13T05:32:54.950786Z | healthy | eth (tft-trading-engine-engine-eth-1) healthy in last 30m
2026-03-13T05:33:05.850486Z | healthy | xrp (tft-trading-engine-engine-xrp-1) healthy in last 30m
2026-03-13T05:33:07.505046Z | healthy | doge (tft-trading-engine-engine-doge-1) healthy in last 30m
2026-03-13T06:02:52.740640Z | healthy | btc (tft-trading-engine-engine-btc-1) healthy in last 30m
2026-03-13T06:02:56.049961Z | healthy | eth (tft-trading-engine-engine-eth-1) healthy in last 30m
2026-03-13T06:02:57.834023Z | healthy | xrp (tft-trading-engine-engine-xrp-1) healthy in last 30m
2026-03-13T06:02:59.451233Z | healthy | doge (tft-trading-engine-engine-doge-1) healthy in last 30m
2026-03-13T06:32:52.921665Z | healthy | btc (tft-trading-engine-engine-btc-1) healthy in last 30m
2026-03-13T06:32:53.570003Z | healthy | eth (tft-trading-engine-engine-eth-1) healthy in last 30m
2026-03-13T06:32:54.089511Z | healthy | xrp (tft-trading-engine-engine-xrp-1) healthy in last 30m
2026-03-13T06:32:54.740090Z | healthy | doge (tft-trading-engine-engine-doge-1) healthy in last 30m
2026-03-13T07:02:53.099567Z | healthy | btc (tft-trading-engine-engine-btc-1) healthy in last 30m
2026-03-13T07:02:54.017119Z | healthy | eth (tft-trading-engine-engine-eth-1) healthy in last 30m
2026-03-13T07:02:55.923632Z | healthy | xrp (tft-trading-engine-engine-xrp-1) healthy in last 30m
2026-03-13T07:03:04.636645Z | healthy | doge (tft-trading-engine-engine-doge-1) healthy in last 30m
2026-03-13T07:32:53.349376Z | healthy | btc (tft-trading-engine-engine-btc-1) healthy in last 30m
2026-03-13T07:32:54.049081Z | healthy | eth (tft-trading-engine-engine-eth-1) healthy in last 30m
2026-03-13T07:32:56.299494Z | healthy | xrp (tft-trading-engine-engine-xrp-1) healthy in last 30m
2026-03-13T07:32:58.733002Z | healthy | doge (tft-trading-engine-engine-doge-1) healthy in last 30m
2026-03-13T08:02:52.588723Z | healthy | btc (tft-trading-engine-engine-btc-1) healthy in last 30m
2026-03-13T08:02:54.056116Z | healthy | eth (tft-trading-engine-engine-eth-1) healthy in last 30m
2026-03-13T08:02:56.413007Z | healthy | xrp (tft-trading-engine-engine-xrp-1) healthy in last 30m
2026-03-13T08:02:56.967997Z | healthy | doge (tft-trading-engine-engine-doge-1) healthy in last 30m
2026-03-13T08:32:52.285298Z | healthy | btc (tft-trading-engine-engine-btc-1) healthy in last 30m
2026-03-13T08:32:53.910605Z | healthy | eth (tft-trading-engine-engine-eth-1) healthy in last 30m
2026-03-13T08:32:54.694623Z | healthy | xrp (tft-trading-engine-engine-xrp-1) healthy in last 30m
2026-03-13T08:32:55.998884Z | healthy | doge (tft-trading-engine-engine-doge-1) healthy in last 30m
2026-03-13T09:02:53.324099Z | healthy | btc (tft-trading-engine-engine-btc-1) healthy in last 30m
2026-03-13T09:02:54.088617Z | healthy | eth (tft-trading-engine-engine-eth-1) healthy in last 30m
2026-03-13T09:02:54.684512Z | healthy | xrp (tft-trading-engine-engine-xrp-1) healthy in last 30m
2026-03-13T09:02:55.267283Z | healthy | doge (tft-trading-engine-engine-doge-1) healthy in last 30m
2026-03-13T09:32:53.595864Z | healthy | btc (tft-trading-engine-engine-btc-1) healthy in last 30m
2026-03-13T09:32:54.858786Z | healthy | eth (tft-trading-engine-engine-eth-1) healthy in last 30m
2026-03-13T09:33:00.545403Z | healthy | xrp (tft-trading-engine-engine-xrp-1) healthy in last 30m
2026-03-13T09:33:05.221526Z | healthy | doge (tft-trading-engine-engine-doge-1) healthy in last 30m
2026-03-13T10:03:09.953577Z | healthy | btc (tft-trading-engine-engine-btc-1) healthy in last 30m
2026-03-13T10:03:18.937863Z | healthy | eth (tft-trading-engine-engine-eth-1) healthy in last 30m
2026-03-13T10:03:23.003357Z | healthy | xrp (tft-trading-engine-engine-xrp-1) healthy in last 30m
2026-03-13T10:03:28.490203Z | healthy | doge (tft-trading-engine-engine-doge-1) healthy in last 30m
2026-03-13T10:32:56.969973Z | healthy | btc (tft-trading-engine-engine-btc-1) healthy in last 30m
2026-03-13T10:32:59.065415Z | healthy | eth (tft-trading-engine-engine-eth-1) healthy in last 30m
2026-03-13T10:33:04.849661Z | healthy | xrp (tft-trading-engine-engine-xrp-1) healthy in last 30m
2026-03-13T10:33:06.709730Z | healthy | doge (tft-trading-engine-engine-doge-1) healthy in last 30m
2026-03-13T11:02:53.101869Z | healthy | btc (tft-trading-engine-engine-btc-1) healthy in last 30m
2026-03-13T11:02:55.079124Z | healthy | eth (tft-trading-engine-engine-eth-1) healthy in last 30m
2026-03-13T11:02:59.337360Z | healthy | xrp (tft-trading-engine-engine-xrp-1) healthy in last 30m
2026-03-13T11:03:02.559116Z | healthy | doge (tft-trading-engine-engine-doge-1) healthy in last 30m
2026-03-13T11:32:52.468801Z | healthy | btc (tft-trading-engine-engine-btc-1) healthy in last 30m
2026-03-13T11:32:54.491935Z | healthy | eth (tft-trading-engine-engine-eth-1) healthy in last 30m
2026-03-13T11:32:55.641845Z | healthy | xrp (tft-trading-engine-engine-xrp-1) healthy in last 30m
2026-03-13T11:32:56.414160Z | healthy | doge (tft-trading-engine-engine-doge-1) healthy in last 30m
2026-03-13T12:02:52.221457Z | healthy | btc (tft-trading-engine-engine-btc-1) healthy in last 30m
2026-03-13T12:02:52.834532Z | healthy | eth (tft-trading-engine-engine-eth-1) healthy in last 30m
2026-03-13T12:02:53.565497Z | healthy | xrp (tft-trading-engine-engine-xrp-1) healthy in last 30m
2026-03-13T12:02:54.180297Z | healthy | doge (tft-trading-engine-engine-doge-1) healthy in last 30m
2026-03-13T12:32:52.181819Z | healthy | btc (tft-trading-engine-engine-btc-1) healthy in last 30m
2026-03-13T12:32:53.033303Z | healthy | eth (tft-trading-engine-engine-eth-1) healthy in last 30m
2026-03-13T12:32:55.716295Z | healthy | xrp (tft-trading-engine-engine-xrp-1) healthy in last 30m
2026-03-13T12:32:57.264882Z | healthy | doge (tft-trading-engine-engine-doge-1) healthy in last 30m
2026-03-13T13:02:54.782820Z | healthy | btc (tft-trading-engine-engine-btc-1) healthy in last 30m
2026-03-13T13:02:55.814176Z | healthy | eth (tft-trading-engine-engine-eth-1) healthy in last 30m
2026-03-13T13:02:56.588224Z | healthy | xrp (tft-trading-engine-engine-xrp-1) healthy in last 30m
2026-03-13T13:02:57.531882Z | healthy | doge (tft-trading-engine-engine-doge-1) healthy in last 30m
2026-03-13T13:33:14.090044Z | healthy | btc (tft-trading-engine-engine-btc-1) healthy in last 30m
2026-03-13T13:33:29.552672Z | healthy | eth (tft-trading-engine-engine-eth-1) healthy in last 30m
2026-03-13T13:33:36.616108Z | healthy | xrp (tft-trading-engine-engine-xrp-1) healthy in last 30m
2026-03-13T13:33:47.893483Z | healthy | doge (tft-trading-engine-engine-doge-1) healthy in last 30m
2026-03-13T14:02:54.133941Z | healthy | btc (tft-trading-engine-engine-btc-1) healthy in last 30m
2026-03-13T14:02:57.221180Z | healthy | eth (tft-trading-engine-engine-eth-1) healthy in last 30m
2026-03-13T14:03:01.084506Z | healthy | xrp (tft-trading-engine-engine-xrp-1) healthy in last 30m
2026-03-13T14:03:05.247730Z | healthy | doge (tft-trading-engine-engine-doge-1) healthy in last 30m
2026-03-13T14:32:54.969078Z | healthy | btc (tft-trading-engine-engine-btc-1) healthy in last 30m
2026-03-13T14:32:57.183941Z | healthy | eth (tft-trading-engine-engine-eth-1) healthy in last 30m
2026-03-13T14:33:07.470537Z | healthy | xrp (tft-trading-engine-engine-xrp-1) healthy in last 30m
2026-03-13T14:33:10.871056Z | healthy | doge (tft-trading-engine-engine-doge-1) healthy in last 30m
2026-03-13T15:03:12.852915Z | healthy | btc (tft-trading-engine-engine-btc-1) healthy in last 30m
2026-03-13T15:03:18.776152Z | healthy | eth (tft-trading-engine-engine-eth-1) healthy in last 30m
2026-03-13T15:03:27.067576Z | healthy | xrp (tft-trading-engine-engine-xrp-1) healthy in last 30m
2026-03-13T15:03:29.723214Z | healthy | doge (tft-trading-engine-engine-doge-1) healthy in last 30m
2026-03-13T15:33:05.808612Z | healthy | btc (tft-trading-engine-engine-btc-1) healthy in last 30m
2026-03-13T15:33:13.560104Z | healthy | eth (tft-trading-engine-engine-eth-1) healthy in last 30m
2026-03-13T15:33:21.258471Z | healthy | xrp (tft-trading-engine-engine-xrp-1) healthy in last 30m
2026-03-13T15:33:25.167082Z | healthy | doge (tft-trading-engine-engine-doge-1) healthy in last 30m
2026-03-13T16:02:53.854862Z | healthy | btc (tft-trading-engine-engine-btc-1) healthy in last 30m
2026-03-13T16:02:57.287873Z | healthy | eth (tft-trading-engine-engine-eth-1) healthy in last 30m
2026-03-13T16:02:59.878628Z | healthy | xrp (tft-trading-engine-engine-xrp-1) healthy in last 30m
2026-03-13T16:03:02.037334Z | healthy | doge (tft-trading-engine-engine-doge-1) healthy in last 30m
2026-03-13T16:32:52.585300Z | healthy | btc (tft-trading-engine-engine-btc-1) healthy in last 30m
2026-03-13T16:32:53.402313Z | healthy | eth (tft-trading-engine-engine-eth-1) healthy in last 30m
2026-03-13T16:32:54.619983Z | healthy | xrp (tft-trading-engine-engine-xrp-1) healthy in last 30m
2026-03-13T16:32:55.428042Z | healthy | doge (tft-trading-engine-engine-doge-1) healthy in last 30m
2026-03-13T17:02:52.763890Z | healthy | btc (tft-trading-engine-engine-btc-1) healthy in last 30m
2026-03-13T17:02:53.938888Z | healthy | eth (tft-trading-engine-engine-eth-1) healthy in last 30m
2026-03-13T17:02:54.717353Z | healthy | xrp (tft-trading-engine-engine-xrp-1) healthy in last 30m
2026-03-13T17:02:55.498510Z | healthy | doge (tft-trading-engine-engine-doge-1) healthy in last 30m
2026-03-13T17:32:52.952968Z | healthy | btc (tft-trading-engine-engine-btc-1) healthy in last 30m
2026-03-13T17:32:53.983236Z | healthy | eth (tft-trading-engine-engine-eth-1) healthy in last 30m
2026-03-13T17:32:54.842919Z | healthy | xrp (tft-trading-engine-engine-xrp-1) healthy in last 30m
2026-03-13T17:32:55.791674Z | healthy | doge (tft-trading-engine-engine-doge-1) healthy in last 30m
2026-03-13T18:02:53.339174Z | healthy | btc (tft-trading-engine-engine-btc-1) healthy in last 30m
2026-03-13T18:02:55.123733Z | healthy | eth (tft-trading-engine-engine-eth-1) healthy in last 30m
2026-03-13T18:02:55.910600Z | healthy | xrp (tft-trading-engine-engine-xrp-1) healthy in last 30m
2026-03-13T18:02:56.488727Z | healthy | doge (tft-trading-engine-engine-doge-1) healthy in last 30m
2026-03-13T18:32:53.016779Z | healthy | btc (tft-trading-engine-engine-btc-1) healthy in last 30m
2026-03-13T18:32:55.205782Z | healthy | eth (tft-trading-engine-engine-eth-1) healthy in last 30m
2026-03-13T18:32:56.471498Z | healthy | xrp (tft-trading-engine-engine-xrp-1) healthy in last 30m
2026-03-13T18:32:58.170297Z | healthy | doge (tft-trading-engine-engine-doge-1) healthy in last 30m
2026-03-13T19:02:52.580539Z | healthy | btc (tft-trading-engine-engine-btc-1) healthy in last 30m
2026-03-13T19:02:53.708461Z | healthy | eth (tft-trading-engine-engine-eth-1) healthy in last 30m
2026-03-13T19:02:54.996091Z | healthy | xrp (tft-trading-engine-engine-xrp-1) healthy in last 30m
2026-03-13T19:02:55.765203Z | healthy | doge (tft-trading-engine-engine-doge-1) healthy in last 30m
2026-03-13T19:32:52.976192Z | healthy | btc (tft-trading-engine-engine-btc-1) healthy in last 30m
2026-03-13T19:32:54.709122Z | healthy | eth (tft-trading-engine-engine-eth-1) healthy in last 30m
2026-03-13T19:32:57.857816Z | healthy | xrp (tft-trading-engine-engine-xrp-1) healthy in last 30m
2026-03-13T19:32:59.177859Z | healthy | doge (tft-trading-engine-engine-doge-1) healthy in last 30m
2026-03-13T20:02:53.059246Z | healthy | btc (tft-trading-engine-engine-btc-1) healthy in last 30m
2026-03-13T20:02:54.166350Z | healthy | eth (tft-trading-engine-engine-eth-1) healthy in last 30m
2026-03-13T20:02:56.593655Z | healthy | xrp (tft-trading-engine-engine-xrp-1) healthy in last 30m
2026-03-13T20:02:57.321110Z | healthy | doge (tft-trading-engine-engine-doge-1) healthy in last 30m
2026-03-13T20:32:52.614219Z | healthy | btc (tft-trading-engine-engine-btc-1) healthy in last 30m
2026-03-13T20:32:54.234350Z | healthy | eth (tft-trading-engine-engine-eth-1) healthy in last 30m
2026-03-13T20:32:55.278873Z | healthy | xrp (tft-trading-engine-engine-xrp-1) healthy in last 30m
2026-03-13T20:32:56.309742Z | healthy | doge (tft-trading-engine-engine-doge-1) healthy in last 30m
2026-03-13T21:02:52.670813Z | healthy | btc (tft-trading-engine-engine-btc-1) healthy in last 30m
2026-03-13T21:02:53.559565Z | healthy | eth (tft-trading-engine-engine-eth-1) healthy in last 30m
2026-03-13T21:02:54.768081Z | healthy | xrp (tft-trading-engine-engine-xrp-1) healthy in last 30m
2026-03-13T21:02:55.680365Z | healthy | doge (tft-trading-engine-engine-doge-1) healthy in last 30m
2026-03-13T21:32:52.260037Z | healthy | btc (tft-trading-engine-engine-btc-1) healthy in last 30m
2026-03-13T21:32:53.128941Z | healthy | eth (tft-trading-engine-engine-eth-1) healthy in last 30m
2026-03-13T21:32:54.079004Z | healthy | xrp (tft-trading-engine-engine-xrp-1) healthy in last 30m
2026-03-13T21:32:55.875997Z | healthy | doge (tft-trading-engine-engine-doge-1) healthy in last 30m
2026-03-13T22:02:52.521622Z | healthy | btc (tft-trading-engine-engine-btc-1) healthy in last 30m
2026-03-13T22:02:53.200525Z | healthy | eth (tft-trading-engine-engine-eth-1) healthy in last 30m
2026-03-13T22:02:54.097549Z | healthy | xrp (tft-trading-engine-engine-xrp-1) healthy in last 30m
2026-03-13T22:02:54.951632Z | healthy | doge (tft-trading-engine-engine-doge-1) healthy in last 30m
2026-03-13T22:32:52.804909Z | healthy | btc (tft-trading-engine-engine-btc-1) healthy in last 30m
2026-03-13T22:32:53.819056Z | healthy | eth (tft-trading-engine-engine-eth-1) healthy in last 30m
2026-03-13T22:32:54.770617Z | healthy | xrp (tft-trading-engine-engine-xrp-1) healthy in last 30m
2026-03-13T22:32:55.458744Z | healthy | doge (tft-trading-engine-engine-doge-1) healthy in last 30m
2026-03-13T23:02:52.917665Z | healthy | btc (tft-trading-engine-engine-btc-1) healthy in last 30m
2026-03-13T23:02:53.753492Z | healthy | eth (tft-trading-engine-engine-eth-1) healthy in last 30m
2026-03-13T23:02:54.922570Z | healthy | xrp (tft-trading-engine-engine-xrp-1) healthy in last 30m
2026-03-13T23:02:56.162446Z | healthy | doge (tft-trading-engine-engine-doge-1) healthy in last 30m
